[05:59:12] [ServerMain/INFO]: Environment: Environment[sessionHost=https://sessionserver.mojang.com, servicesHost=https://api.minecraftservices.com, name=PROD]
[05:59:15] [ServerMain/INFO]: Loaded 1290 recipes
[05:59:16] [ServerMain/INFO]: Loaded 1399 advancements
[05:59:16] [Server thread/INFO]: Starting minecraft server version 1.21.1
[05:59:16] [Server thread/INFO]: Loading properties
[05:59:16] [Server thread/INFO]: Default game type: SURVIVAL
[05:59:16] [Server thread/INFO]: Generating keypair
[05:59:17] [Server thread/INFO]: Starting Minecraft server on *:25565
[05:59:17] [Server thread/INFO]: Using epoll channel type
[05:59:17] [Server thread/WARN]: **** SERVER IS RUNNING IN OFFLINE/INSECURE MODE!
[05:59:17] [Server thread/WARN]: The server will make no attempt to authenticate usernames. Beware.
[05:59:17] [Server thread/WARN]: While this makes the game possible to play without internet access, it also opens up the ability for hackers to connect with any username they choose.
[05:59:17] [Server thread/WARN]: To change this, set "online-mode" to "true" in the server.properties file.
[05:59:17] [Server thread/INFO]: Preparing level "world"
[05:59:22] [Server thread/INFO]: Preparing start region for dimension minecraft:overworld
[05:59:23] [Worker-Main-1/INFO]: Preparing spawn area: 0%
[05:59:23] [Worker-Main-1/INFO]: Preparing spawn area: 0%
[05:59:23] [Server thread/INFO]: Time elapsed: 1038 ms
[05:59:23] [Server thread/INFO]: Done (6.539s)! For help, type "help"
[05:59:44] [Server thread/INFO]: _Sebas23_[/100.93.67.125:26550] logged in with entity id 21 at (2794.1803693834204, 70.0, -733.6161216793816)
[05:59:44] [Server thread/INFO]: _Sebas23_ joined the game
[06:00:17] [Server thread/INFO]: chepaboy[/100.80.73.88:51803] logged in with entity id 467 at (2780.692617209977, 179.0, -965.4466754715276)
[06:00:17] [Server thread/INFO]: chepaboy joined the game
[06:20:31] [Server thread/WARN]: chepaboy moved too quickly! -8.219770951930514,0.0,5.760362963605303
[06:21:35] [Server thread/WARN]: chepaboy moved too quickly! -4.512204580352318,0.9619240882136921,9.096636689879574
[06:22:02] [Server thread/WARN]: _Sebas23_ moved too quickly! -10.105127563072529,1.0013359791121417,2.04727230082176
[06:23:53] [Server thread/WARN]: chepaboy moved wrongly!
[06:23:54] [Server thread/WARN]: chepaboy moved wrongly!
[06:23:55] [Server thread/WARN]: chepaboy moved wrongly!
[06:23:56] [Server thread/WARN]: chepaboy moved wrongly!
[06:23:57] [Server thread/WARN]: chepaboy moved wrongly!
[06:23:57] [Server thread/WARN]: chepaboy moved wrongly!
[06:23:58] [Server thread/WARN]: chepaboy moved wrongly!
[06:23:58] [Server thread/WARN]: Mismatch in destroy block pos: jd{x=2816, y=71, z=-727} jd{x=2817, y=71, z=-727}
[06:23:58] [Server thread/WARN]: Mismatch in destroy block pos: jd{x=2816, y=71, z=-727} jd{x=2817, y=71, z=-727}
[06:23:59] [Server thread/WARN]: Mismatch in destroy block pos: jd{x=2816, y=71, z=-727} jd{x=2817, y=71, z=-727}
[06:23:59] [Server thread/WARN]: chepaboy moved wrongly!
[06:23:59] [Server thread/WARN]: Mismatch in destroy block pos: jd{x=2817, y=71, z=-730} jd{x=2816, y=71, z=-730}
[06:24:00] [Server thread/WARN]: chepaboy moved wrongly!
[06:24:01] [Server thread/WARN]: chepaboy moved wrongly!
[06:24:01] [Server thread/WARN]: chepaboy moved wrongly!
[06:24:02] [Server thread/WARN]: chepaboy moved wrongly!
[06:24:03] [Server thread/WARN]: chepaboy moved wrongly!
[06:24:04] [Server thread/WARN]: chepaboy moved wrongly!
[06:24:21] [Server thread/INFO]: chepaboy lost connection: Disconnected
[06:24:21] [Server thread/INFO]: chepaboy left the game
[06:24:23] [Server thread/INFO]: _Sebas23_ lost connection: Disconnected
[06:24:23] [Server thread/INFO]: _Sebas23_ left the game
[06:24:43] [Server thread/INFO]: Stopping the server
[06:24:43] [Server thread/INFO]: Stopping server
[06:24:43] [Server thread/INFO]: Saving players
[06:24:43] [Server thread/INFO]: Saving worlds
[06:24:43] [Server thread/INFO]: Saving chunks for level 'ServerLevel[world]'/minecraft:overworld
[06:24:43] [Server thread/INFO]: Saving chunks for level 'ServerLevel[world]'/minecraft:the_nether
[06:24:43] [Server thread/INFO]: Saving chunks for level 'ServerLevel[world]'/minecraft:the_end
[06:24:43] [Server thread/INFO]: ThreadedAnvilChunkStorage (world): All chunks are saved
[06:24:43] [Server thread/INFO]: ThreadedAnvilChunkStorage (DIM-1): All chunks are saved
[06:24:43] [Server thread/INFO]: ThreadedAnvilChunkStorage (DIM1): All chunks are saved
[06:24:43] [Server thread/INFO]: ThreadedAnvilChunkStorage: All dimensions are saved
